[0m19:57:54.609141 [debug] [MainThread]: Sending event: {'category': 'dbt', 'action': 'invocation', 'label': 'start', 'context': [<snowplow_tracker.self_describing_json.SelfDescribingJson object at 0x73b3c2b88e90>, <snowplow_tracker.self_describing_json.SelfDescribingJson object at 0x73b3c25277a0>, <snowplow_tracker.self_describing_json.SelfDescribingJson object at 0x73b3c2b8b920>]}


============================== 19:57:54.614874 | dcbd83e8-54b5-4286-b889-7a35e8279ac4 ==============================
[0m19:57:54.614874 [info ] [MainThread]: Running with dbt=1.10.1
[0m19:57:54.615617 [debug] [MainThread]: running dbt with arguments {'printer_width': '80', 'indirect_selection': 'eager', 'write_json': 'True', 'log_cache_events': 'False', 'partial_parse': 'True', 'cache_selected_only': 'False', 'warn_error': 'None', 'fail_fast': 'False', 'profiles_dir': '/root/.dbt', 'log_path': 'logs', 'debug': 'False', 'version_check': 'True', 'use_colors': 'True', 'use_experimental_parser': 'False', 'empty': 'None', 'quiet': 'False', 'no_print': 'None', 'log_format': 'default', 'introspect': 'True', 'invocation_command': 'dbt init lol_dbt_project', 'warn_error_options': 'WarnErrorOptionsV2(error=[], warn=[], silence=[])', 'target_path': 'None', 'static_parser': 'True', 'send_anonymous_usage_stats': 'True'}
[0m19:57:54.627848 [info ] [MainThread]: Creating dbt configuration folder at /root/.dbt
[0m19:57:54.629847 [debug] [MainThread]: Starter project path: /home/modernDE/venv/lib/python3.12/site-packages/dbt/include/starter_project
[0m19:57:54.633788 [info ] [MainThread]: 
Your new dbt project "lol_dbt_project" was created!

For more information on how to configure the profiles.yml file,
please consult the dbt documentation here:

  https://docs.getdbt.com/docs/configure-your-profile

One more thing:

Need help? Don't hesitate to reach out to us via GitHub issues or on Slack:

  https://community.getdbt.com/

Happy modeling!

[0m19:57:54.634359 [info ] [MainThread]: Setting up your profile.
[0m19:57:58.870646 [info ] [MainThread]: Profile lol_dbt_project written to /root/.dbt/profiles.yml using target's sample configuration. Once updated, you'll be able to start developing with dbt.
[0m19:57:58.872817 [debug] [MainThread]: Resource report: {"command_name": "init", "command_success": true, "command_wall_clock_time": 4.3364525, "process_in_blocks": "56", "process_kernel_time": 0.500525, "process_mem_max_rss": "100388", "process_out_blocks": "72", "process_user_time": 1.796921}
[0m19:57:58.873789 [debug] [MainThread]: Command `dbt init` succeeded at 19:57:58.873607 after 4.34 seconds
[0m19:57:58.874453 [debug] [MainThread]: Sending event: {'category': 'dbt', 'action': 'invocation', 'label': 'end', 'context': [<snowplow_tracker.self_describing_json.SelfDescribingJson object at 0x73b3c2551160>, <snowplow_tracker.self_describing_json.SelfDescribingJson object at 0x73b3c25277a0>, <snowplow_tracker.self_describing_json.SelfDescribingJson object at 0x73b3c1f11310>]}
[0m19:57:58.875033 [debug] [MainThread]: Flushing usage events
[0m19:57:59.301097 [debug] [MainThread]: An error was encountered while trying to flush usage events
